Determining if the pthread_create exist failed with the following output:
Change Dir: /home/davidbrahiam/catkin_ws/src/ardrone_helpers/ardrone_joystick/build/CMakeFiles/CMakeTmp

Run Build Command:/usr/bin/make "cmTryCompileExec2484332204/fast"
make[1]: Entering directory `/home/davidbrahiam/catkin_ws/src/ardrone_helpers/ardrone_joystick/build/CMakeFiles/CMakeTmp'
/usr/bin/make -f CMakeFiles/cmTryCompileExec2484332204.dir/build.make CMakeFiles/cmTryCompileExec2484332204.dir/build
make[2]: Entering directory `/home/davidbrahiam/catkin_ws/src/ardrone_helpers/ardrone_joystick/build/CMakeFiles/CMakeTmp'
/usr/bin/cmake -E cmake_progress_report /home/davidbrahiam/catkin_ws/src/ardrone_helpers/ardrone_joystick/build/CMakeFiles/CMakeTmp/CMakeFiles 1
Building C object CMakeFiles/cmTryCompileExec2484332204.dir/CheckSymbolExists.c.o
/usr/bin/cc    -o CMakeFiles/cmTryCompileExec2484332204.dir/CheckSymbolExists.c.o   -c /home/davidbrahiam/catkin_ws/src/ardrone_helpers/ardrone_joystick/build/CMakeFiles/CMakeTmp/CheckSymbolExists.c
Linking C executable cmTryCompileExec2484332204
/usr/bin/cmake -E cmake_link_script CMakeFiles/cmTryCompileExec2484332204.dir/link.txt --verbose=1
/usr/bin/cc       CMakeFiles/cmTryCompileExec2484332204.dir/CheckSymbolExists.c.o  -o cmTryCompileExec2484332204 -rdynamic 
CMakeFiles/cmTryCompileExec2484332204.dir/CheckSymbolExists.c.o: In function `main':
CheckSymbolExists.c:(.text+0x16): undefined reference to `pthread_create'
collect2: error: ld returned 1 exit status
make[2]: *** [cmTryCompileExec2484332204] Error 1
make[2]: Leaving directory `/home/davidbrahiam/catkin_ws/src/ardrone_helpers/ardrone_joystick/build/CMakeFiles/CMakeTmp'
make[1]: *** [cmTryCompileExec2484332204/fast] Error 2
make[1]: Leaving directory `/home/davidbrahiam/catkin_ws/src/ardrone_helpers/ardrone_joystick/build/CMakeFiles/CMakeTmp'

File /home/davidbrahiam/catkin_ws/src/ardrone_helpers/ardrone_joystick/build/CMakeFiles/CMakeTmp/CheckSymbolExists.c:
/* */
#include <pthread.h>

int main(int argc, char** argv)
{
  (void)argv;
#ifndef pthread_create
  return ((int*)(&pthread_create))[argc];
#else
  (void)argc;
  return 0;
#endif
}

Determining if the function pthread_create exists in the pthreads failed with the following output:
Change Dir: /home/davidbrahiam/catkin_ws/src/ardrone_helpers/ardrone_joystick/build/CMakeFiles/CMakeTmp

Run Build Command:/usr/bin/make "cmTryCompileExec2496377292/fast"
make[1]: Entering directory `/home/davidbrahiam/catkin_ws/src/ardrone_helpers/ardrone_joystick/build/CMakeFiles/CMakeTmp'
/usr/bin/make -f CMakeFiles/cmTryCompileExec2496377292.dir/build.make CMakeFiles/cmTryCompileExec2496377292.dir/build
make[2]: Entering directory `/home/davidbrahiam/catkin_ws/src/ardrone_helpers/ardrone_joystick/build/CMakeFiles/CMakeTmp'
/usr/bin/cmake -E cmake_progress_report /home/davidbrahiam/catkin_ws/src/ardrone_helpers/ardrone_joystick/build/CMakeFiles/CMakeTmp/CMakeFiles 1
Building C object CMakeFiles/cmTryCompileExec2496377292.dir/CheckFunctionExists.c.o
/usr/bin/cc   -DCHECK_FUNCTION_EXISTS=pthread_create   -o CMakeFiles/cmTryCompileExec2496377292.dir/CheckFunctionExists.c.o   -c /usr/share/cmake-2.8/Modules/CheckFunctionExists.c
Linking C executable cmTryCompileExec2496377292
/usr/bin/cmake -E cmake_link_script CMakeFiles/cmTryCompileExec2496377292.dir/link.txt --verbose=1
/usr/bin/cc   -DCHECK_FUNCTION_EXISTS=pthread_create    CMakeFiles/cmTryCompileExec2496377292.dir/CheckFunctionExists.c.o  -o cmTryCompileExec2496377292 -rdynamic -lpthreads 
/usr/bin/ld: cannot find -lpthreads
collect2: error: ld returned 1 exit status
make[2]: *** [cmTryCompileExec2496377292] Error 1
make[2]: Leaving directory `/home/davidbrahiam/catkin_ws/src/ardrone_helpers/ardrone_joystick/build/CMakeFiles/CMakeTmp'
make[1]: Leaving directory `/home/davidbrahiam/catkin_ws/src/ardrone_helpers/ardrone_joystick/build/CMakeFiles/CMakeTmp'
make[1]: *** [cmTryCompileExec2496377292/fast] Error 2


